<?xml version="1.0" encoding="UTF-8"?>
<!-- Generated by org.testng.reporters.JUnitReportReporter -->
<testsuite hostname="remiges" failures="0" tests="2" name="com.demoproject.AppTest" time="0.001" errors="0" timestamp="2024-03-11T12:51:43 IST" skipped="0">
  <testcase classname="com.demoproject.AppTest" name="m2" time="0.000"/>
  <system-out/>
  <testcase classname="com.demoproject.AppTest" name="m1" time="0.001"/>
  <system-out/>
</testsuite> <!-- com.demoproject.AppTest -->
